<?xml version="1.0" encoding="UTF-8"?>
<testng-results skipped="0" failed="0" ignored="0" total="1" passed="1">
  <reporter-output>
  </reporter-output>
  <suite name="Default suite" duration-ms="15915" started-at="2021-06-01T14:27:28Z" finished-at="2021-06-01T14:27:44Z">
    <groups>
    </groups>
    <test name="Default test" duration-ms="15915" started-at="2021-06-01T14:27:28Z" finished-at="2021-06-01T14:27:44Z">
      <class name="test.TestVideo">
        <test-method status="PASS" signature="testYt()[pri:0, instance:test.TestVideo@6d4b1c02]" name="testYt" duration-ms="15884" started-at="2021-06-01T14:27:28Z" finished-at="2021-06-01T14:27:44Z">
          <reporter-output>
          </reporter-output>
        </test-method> <!-- testYt -->
      </class> <!-- test.TestVideo -->
    </test> <!-- Default test -->
  </suite> <!-- Default suite -->
</testng-results>
