<?xml version="1.0" encoding="UTF-8"?>
<testng-results skipped="0" failed="0" ignored="0" total="1" passed="1">
  <reporter-output>
  </reporter-output>
  <suite name="Default suite" duration-ms="7910" started-at="2021-05-30T09:30:25Z" finished-at="2021-05-30T09:30:33Z">
    <groups>
    </groups>
    <test name="Default test" duration-ms="7910" started-at="2021-05-30T09:30:25Z" finished-at="2021-05-30T09:30:33Z">
      <class name="selenium2.TestiranjeSajta">
        <test-method status="PASS" signature="testSajta()[pri:0, instance:selenium2.TestiranjeSajta@4678c730]" name="testSajta" duration-ms="7886" started-at="2021-05-30T09:30:25Z" finished-at="2021-05-30T09:30:33Z">
          <reporter-output>
          </reporter-output>
        </test-method> <!-- testSajta -->
      </class> <!-- selenium2.TestiranjeSajta -->
    </test> <!-- Default test -->
  </suite> <!-- Default suite -->
</testng-results>
