<?xml version="1.0" encoding="UTF-8"?>
<!-- Generated by org.testng.reporters.JUnitXMLReporter -->
<testsuite hostname="DESKTOP-QA3LEUT" ignored="0" name="Default test" tests="4" failures="0" timestamp="25 maj 2021 08:08:17 GMT" time="0.051" errors="0">
  <testcase name="testOtvaranjeNaloga" time="0.007" classname="banka.TestiranjeBanke"/>
  <testcase name="testSume" time="0.002" classname="banka.TestiranjeBanke"/>
  <testcase name="testTransfera" time="0.004" classname="banka.TestiranjeBanke"/>
  <testcase name="testUplate" time="0.002" classname="banka.TestiranjeBanke"/>
</testsuite> <!-- Default test -->
